<?xml version="1.0" encoding="UTF-8"?>
<!-- Generated by org.testng.reporters.JUnitReportReporter -->
<testsuite skipped="0" hostname="DESKTOP-5N2546F" name="com.project1.com.testproject.Testclass1" tests="1" failures="0" timestamp="01 Jun 2020 17:57:41 GMT" time="0.024" errors="0">
  <testcase name="test" time="0.024" classname="com.project1.com.testproject.Testclass1"/>
</testsuite> <!-- com.project1.com.testproject.Testclass1 -->
